#
# There is insufficient memory for the Java Runtime Environment to continue.
# Native memory allocation (malloc) failed to allocate 1220736 bytes for Chunk::new
# Possible reasons:
#   The system is out of physical RAM or swap space
#   In 32 bit mode, the process size limit was hit
# Possible solutions:
#   Reduce memory load on the system
#   Increase physical memory or swap space
#   Check if swap backing store is full
#   Use 64 bit Java on a 64 bit OS
#   Decrease Java heap size (-Xmx/-Xms)
#   Decrease number of Java threads
#   Decrease Java thread stack sizes (-Xss)
#   Set larger code cache with -XX:ReservedCodeCacheSize=
# This output file may be truncated or incomplete.
#
]


Current CompileTask:
C2:  26737 1990       4       com.android.dx.cf.code.Simulator$SimVisitor::visitNoArgs (2108 bytes)


---------------  P R O C E S S  ---------------

Java Threads: ( => current thread )
  0x000000001549b800 JavaThread "Service Thread" daemon [_thread_blocked, id=6492, stack(0x0000000016c90000,0x0000000016d90000)]
  0x0000000015494800 JavaThread "C1 CompilerThread2" daemon [_thread_blocked, id=2712, stack(0x0000000016b90000,0x0000000016c90000)]
  0x000000001548e800 JavaThread "C2 CompilerThread1" daemon [_thread_in_native, id=6264, stack(0x0000000016a90000,0x0000000016b90000)]
=>0x000000001543d000 JavaThread "C2 CompilerThread0" daemon [_thread_in_native, id=3536, stack(0x0000000016990000,0x0000000016a90000)]
  0x000000001543b800 JavaThread "Attach Listener" daemon [_thread_blocked, id=6900, stack(0x0000000016890000,0x0000000016990000)]
  0x000000001543a000 JavaThread "Signal Dispatcher" daemon [_thread_blocked, id=1576, stack(0x0000000016790000,0x0000000016890000)]
  0x0000000002d66000 JavaThread "Finalizer" daemon [_thread_blocked, id=5036, stack(0x0000000016690000,0x0000000016790000)]
  0x0000000002d5d000 JavaThread "Reference Handler" daemon [_thread_blocked, id=4972, stack(0x0000000016590000,0x0000000016690000)]
  0x00000000011de000 JavaThread "main" [_thread_in_Java, id=2892, stack(0x0000000002b20000,0x0000000002c20000)]

Other Threads:
  0x0000000015405800 VMThread [stack: 0x0000000016490000,0x0000000016590000] [id=7540]
  0x0000000016d90800 WatcherThread [stack: 0x0000000017190000,0x0000000017290000] [id=6636]

VM state:not at safepoint (normal execution)

VM Mutex/Monitor currently owned by a thread: None

Heap:
 PSYoungGen      total 70656K, used 35762K [0x00000000eab00000, 0x00000000efb00000, 0x0000000100000000)
  eden space 64000K, 55% used [0x00000000eab00000,0x00000000ecdecbf8,0x00000000ee980000)
  from space 6656K, 0% used [0x00000000ef180000,0x00000000ef180000,0x00000000ef800000)
  to   space 8192K, 0% used [0x00000000ee980000,0x00000000ee980000,0x00000000ef180000)
 ParOldGen       total 44032K, used 38603K [0x00000000c0000000, 0x00000000c2b00000, 0x00000000eab00000)
  object space 44032K, 87% used [0x00000000c0000000,0x00000000c25b2e38,0x00000000c2b00000)
 Metaspace       used 6340K, capacity 7408K, committed 7552K, reserved 1056768K
  class space    used 594K, capacity 616K, committed 640K, reserved 1048576K

Card table byte_map: [0x0000000012130000,0x0000000012340000] byte_map_base: 0x0000000011b30000

Marking Bits: (ParMarkBitMap*) 0x000000005ed5d490
 Begin Bits: [0x00000000128a0000, 0x00000000138a0000)
 End Bits:   [0x00000000138a0000, 0x00000000148a0000)

Polling page: 0x00000000011b0000

CodeCache: size=245760Kb used=8302Kb max_used=9562Kb free=237457Kb
 bounds [0x0000000002d70000, 0x00000000036e0000, 0x0000000011d70000]
 total_blobs=2199 nmethods=1939 adapters=174
 compilation: enabled

Compilation events (10 events):
Event: 25.172 Thread 0x0000000015494800 nmethod 1988 0x0000000002f52610 code [0x0000000002f52880, 0x0000000002f53818]
Event: 25.178 Thread 0x000000001543d000 1989       4       com.android.dx.rop.cst.TypedConstant::getBasicFrameType (8 bytes)
Event: 25.179 Thread 0x000000001543d000 nmethod 1989 0x0000000002eeead0 code [0x0000000002eeec20, 0x0000000002eeecd8]
Event: 25.179 Thread 0x000000001543d000 1990       4       com.android.dx.cf.code.Simulator$SimVisitor::visitNoArgs (2108 bytes)
Event: 25.184 Thread 0x0000000015494800 1991       3       com.android.dx.cf.direct.StdAttributeFactory::sourceFile (94 bytes)
Event: 25.185 Thread 0x000000001548e800 1992       4       java.util.HashMap::<init> (98 bytes)
Event: 25.186 Thread 0x000000001548e800 nmethod 1992 0x0000000002f65810 code [0x0000000002f65940, 0x0000000002f65a58]
Event: 25.187 Thread 0x0000000015494800 nmethod 1991 0x000000000314d8d0 code [0x000000000314dd20, 0x0000000003150548]
Event: 25.254 Thread 0x000000001548e800 1993       4       com.android.dx.cf.direct.AttributeListParser::getList (9 bytes)
Event: 25.273 Thread 0x000000001548e800 nmethod 1993 0x0000000002f7fd10 code [0x0000000002f7fec0, 0x0000000002f80658]

GC Heap History (10 events):
Event: 11.992 GC heap before
{Heap before GC invocations=3 (full 0):
 PSYoungGen      total 18944K, used 18942K [0x00000000eab00000, 0x00000000ec000000, 0x0000000100000000)
  eden space 16384K, 100% used [0x00000000eab00000,0x00000000ebb00000,0x00000000ebb00000)
  from space 2560K, 99% used [0x00000000ebd80000,0x00000000ebfff9a8,0x00000000ec000000)
  to   space 2560K, 0% used [0x00000000ebb00000,0x00000000ebb00000,0x00000000ebd80000)
 ParOldGen       total 44032K, used 3847K [0x00000000c0000000, 0x00000000c2b00000, 0x00000000eab00000)
  object space 44032K, 8% used [0x00000000c0000000,0x00000000c03c1d98,0x00000000c2b00000)
 Metaspace       used 5792K, capacity 7024K, committed 7296K, reserved 1056768K
  class space    used 555K, capacity 616K, committed 640K, reserved 1048576K
Event: 12.044 GC heap after
Heap after GC invocations=3 (full 0):
 PSYoungGen      total 18944K, used 2542K [0x00000000eab00000, 0x00000000ed000000, 0x0000000100000000)
  eden space 16384K, 0% used [0x00000000eab00000,0x00000000eab00000,0x00000000ebb00000)
  from space 2560K, 99% used [0x00000000ebb00000,0x00000000ebd7b8a0,0x00000000ebd80000)
  to   space 2560K, 0% used [0x00000000ecd80000,0x00000000ecd80000,0x00000000ed000000)
 ParOldGen       total 44032K, used 6474K [0x00000000c0000000, 0x00000000c2b00000, 0x00000000eab00000)
  object space 44032K, 14% used [0x00000000c0000000,0x00000000c0652be0,0x00000000c2b00000)
 Metaspace       used 5792K, capacity 7024K, committed 7296K, reserved 1056768K
  class space    used 555K, capacity 616K, committed 640K, reserved 1048576K
}
Event: 13.361 GC heap before
{Heap before GC invocations=4 (full 0):
 PSYoungGen      total 18944K, used 18926K [0x00000000eab00000, 0x00000000ed000000, 0x0000000100000000)
  eden space 16384K, 100% used [0x00000000eab00000,0x00000000ebb00000,0x00000000ebb00000)
  from space 2560K, 99% used [0x00000000ebb00000,0x00000000ebd7b8a0,0x00000000ebd80000)
  to   space 2560K, 0% used [0x00000000ecd80000,0x00000000ecd80000,0x00000000ed000000)
 ParOldGen       total 44032K, used 6474K [0x00000000c0000000, 0x00000000c2b00000, 0x00000000eab00000)
  object space 44032K, 14% used [0x00000000c0000000,0x00000000c0652be0,0x00000000c2b00000)
 Metaspace       used 5822K, capacity 7024K, committed 7296K, reserved 1056768K
  class space    used 556K, capacity 616K, committed 640K, reserved 1048576K
Event: 13.437 GC heap after
Heap after GC invocations=4 (full 0):
 PSYoungGen      total 35328K, used 2550K [0x00000000eab00000, 0x00000000ed000000, 0x0000000100000000)
  eden space 32768K, 0% used [0x00000000eab00000,0x00000000eab00000,0x00000000ecb00000)
  from space 2560K, 99% used [0x00000000ecd80000,0x00000000ecffdba8,0x00000000ed000000)
  to   space 2560K, 0% used [0x00000000ecb00000,0x00000000ecb00000,0x00000000ecd80000)
 ParOldGen       total 44032K, used 9203K [0x00000000c0000000, 0x00000000c2b00000, 0x00000000eab00000)
  object space 44032K, 20% used [0x00000000c0000000,0x00000000c08fcf78,0x00000000c2b00000)
 Metaspace       used 5822K, capacity 7024K, committed 7296K, reserved 1056768K
  class space    used 556K, capacity 616K, committed 640K, reserved 1048576K
}
Event: 15.694 GC heap before
{Heap before GC invocations=5 (full 0):
 PSYoungGen      total 35328K, used 35318K [0x00000000eab00000, 0x00000000ed000000, 0x0000000100000000)
  eden space 32768K, 100% used [0x00000000eab00000,0x00000000ecb00000,0x00000000ecb00000)
  from space 2560K, 99% used [0x00000000ecd80000,0x00000000ecffdba8,0x00000000ed000000)
  to   space 2560K, 0% used [0x00000000ecb00000,0x00000000ecb00000,0x00000000ecd80000)
 ParOldGen       total 44032K, used 9203K [0x00000000c0000000, 0x00000000c2b00000, 0x00000000eab00000)
  object space 44032K, 20% used [0x00000000c0000000,0x00000000c08fcf78,0x00000000c2b00000)
 Metaspace       used 5938K, capacity 7088K, committed 7296K, reserved 1056768K
  class space    used 575K, capacity 616K, committed 640K, reserved 1048576K
Event: 15.845 GC heap after
Heap after GC invocations=5 (full 0):
 PSYoungGen      total 35328K, used 2539K [0x00000000eab00000, 0x00000000ef800000, 0x0000000100000000)
  eden space 32768K, 0% used [0x00000000eab00000,0x00000000eab00000,0x00000000ecb00000)
  from space 2560K, 99% used [0x00000000ecb00000,0x00000000ecd7aca8,0x00000000ecd80000)
  to   space 6656K, 0% used [0x00000000ef180000,0x00000000ef180000,0x00000000ef800000)
 ParOldGen       total 44032K, used 13353K [0x00000000c0000000, 0x00000000c2b00000, 0x00000000eab00000)
  object space 44032K, 30% used [0x00000000c0000000,0x00000000c0d0a528,0x00000000c2b00000)
 Metaspace       used 5938K, capacity 7088K, committed 7296K, reserved 1056768K
  class space    used 575K, capacity 616K, committed 640K, reserved 1048576K
}
Event: 17.141 GC heap before
{Heap before GC invocations=6 (full 0):
 PSYoungGen      total 35328K, used 35307K [0x00000000eab00000, 0x00000000ef800000, 0x0000000100000000)
  eden space 32768K, 100% used [0x00000000eab00000,0x00000000ecb00000,0x00000000ecb00000)
  from space 2560K, 99% used [0x00000000ecb00000,0x00000000ecd7aca8,0x00000000ecd80000)
  to   space 6656K, 0% used [0x00000000ef180000,0x00000000ef180000,0x00000000ef800000)
 ParOldGen       total 44032K, used 13353K [0x00000000c0000000, 0x00000000c2b00000, 0x00000000eab00000)
  object space 44032K, 30% used [0x00000000c0000000,0x00000000c0d0a528,0x00000000c2b00000)
 Metaspace       used 5964K, capacity 7088K, committed 7296K, reserved 1056768K
  class space    used 575K, capacity 616K, committed 640K, reserved 1048576K
Event: 17.259 GC heap after
Heap after GC invocations=6 (full 0):
 PSYoungGen      total 70656K, used 6634K [0x00000000eab00000, 0x00000000efb00000, 0x0000000100000000)
  eden space 64000K, 0% used [0x00000000eab00000,0x00000000eab00000,0x00000000ee980000)
  from space 6656K, 99% used [0x00000000ef180000,0x00000000ef7faad8,0x00000000ef800000)
  to   space 8192K, 0% used [0x00000000ee980000,0x00000000ee980000,0x00000000ef180000)
 ParOldGen       total 44032K, used 14474K [0x00000000c0000000, 0x00000000c2b00000, 0x00000000eab00000)
  object space 44032K, 32% used [0x00000000c0000000,0x00000000c0e22810,0x00000000c2b00000)
 Metaspace       used 5964K, capacity 7088K, committed 7296K, reserved 1056768K
  class space    used 575K, capacity 616K, committed 640K, reserved 1048576K
}
Event: 20.916 GC heap before
{Heap before GC invocations=7 (full 0):
 PSYoungGen      total 70656K, used 70634K [0x00000000eab00000, 0x00000000efb00000, 0x0000000100000000)
  eden space 64000K, 100% used [0x00000000eab00000,0x00000000ee980000,0x00000000ee980000)
  from space 6656K, 99% used [0x00000000ef180000,0x00000000ef7faad8,0x00000000ef800000)
  to   space 8192K, 0% used [0x00000000ee980000,0x00000000ee980000,0x00000000ef180000)
 ParOldGen       total 44032K, used 14474K [0x00000000c0000000, 0x00000000c2b00000, 0x00000000eab00000)
  object space 44032K, 32% used [0x00000000c0000000,0x00000000c0e22810,0x00000000c2b00000)
 Metaspace       used 5979K, capacity 7088K, committed 7296K, reserved 1056768K
  class space    used 576K, capacity 616K, committed 640K, reserved 1048576K
Event: 22.810 GC heap after
Heap after GC invocations=7 (full 0):
 PSYoungGen      total 72192K, used 8172K [0x00000000eab00000, 0x00000000efb00000, 0x0000000100000000)
  eden space 64000K, 0% used [0x00000000eab00000,0x00000000eab00000,0x00000000ee980000)
  from space 8192K, 99% used [0x00000000ee980000,0x00000000ef17b2c8,0x00000000ef180000)
  to   space 6656K, 0% used [0x00000000ef180000,0x00000000ef180000,0x00000000ef800000)
 ParOldGen       total 44032K, used 22850K [0x00000000c0000000, 0x00000000c2b00000, 0x00000000eab00000)
  object space 44032K, 51% used [0x00000000c0000000,0x00000000c1650bc0,0x00000000c2b00000)
 Metaspace       used 5979K, capacity 7088K, committed 7296K, reserved 1056768K
  class space    used 576K, capacity 616K, committed 640K, reserved 1048576K
}

Deoptimization events (10 events):
Event: 20.024 Thread 0x00000000011de000 Uncommon trap: reason=bimorphic action=maybe_recompile pc=0x000000000329edcc method=com.android.dx.ssa.LiteralOpUpgrader.tryReplacingWithConstant(Lcom/android/dx/ssa/NormalSsaInsn;)Z @ 62
Event: 20.036 Thread 0x00000000011de000 Uncommon trap: reason=class_check action=maybe_recompile pc=0x00000000035a0360 method=com.android.dx.ssa.SCCP.replaceConstants()V @ 182
Event: 20.102 Thread 0x00000000011de000 Uncommon trap: reason=class_check action=maybe_recompile pc=0x00000000035a0360 method=com.android.dx.ssa.SCCP.replaceConstants()V @ 182
Event: 20.133 Thread 0x00000000011de000 Uncommon trap: reason=unloaded action=reinterpret pc=0x000000000329ebfc method=com.android.dx.ssa.LiteralOpUpgrader$1.visitNonMoveInsn(Lcom/android/dx/ssa/NormalSsaInsn;)V @ 72
Event: 20.332 Thread 0x00000000011de000 Uncommon trap: reason=bimorphic action=maybe_recompile pc=0x00000000036bdcac method=java.util.HashMap.putVal(ILjava/lang/Object;Ljava/lang/Object;ZZ)Ljava/lang/Object; @ 203
Event: 20.332 Thread 0x00000000011de000 Uncommon trap: reason=bimorphic action=maybe_recompile pc=0x00000000036bdcac method=java.util.HashMap.putVal(ILjava/lang/Object;Ljava/lang/Object;ZZ)Ljava/lang/Object; @ 203
Event: 20.332 Thread 0x00000000011de000 Uncommon trap: reason=bimorphic action=maybe_recompile pc=0x00000000036bdcac method=java.util.HashMap.putVal(ILjava/lang/Object;Ljava/lang/Object;ZZ)Ljava/lang/Object; @ 203
Event: 20.333 Thread 0x00000000011de000 Uncommon trap: reason=bimorphic action=maybe_recompile pc=0x00000000036bdcac method=java.util.HashMap.putVal(ILjava/lang/Object;Ljava/lang/Object;ZZ)Ljava/lang/Object; @ 203
Event: 23.958 Thread 0x00000000011de000 Uncommon trap: reason=class_check action=maybe_recompile pc=0x000000000357f64c method=com.android.dx.cf.code.RopperMachine.run(Lcom/android/dx/cf/code/Frame;II)V @ 1024
Event: 25.158 Thread 0x00000000011de000 Uncommon trap: reason=bimorphic action=maybe_recompile pc=0x00000000036c00b0 method=com.android.dx.rop.code.RegisterSpec.getFrameType()Lcom/android/dx/rop/type/TypeBearer; @ 4

Internal exceptions (10 events):
Event: 9.947 Thread 0x00000000011de000 Exception <a 'java/security/PrivilegedActionException'> (0x00000000eab34170) thrown at [D:\re\workspace\8-2-build-windows-amd64-cygwin\jdk8u25\1677\hotspot\src\share\vm\prims\jvm.cpp, line 1312]
Event: 10.686 Thread 0x00000000011de000 Exception <a 'java/security/PrivilegedActionException'> (0x00000000eb4c8f88) thrown at [D:\re\workspace\8-2-build-windows-amd64-cygwin\jdk8u25\1677\hotspot\src\share\vm\prims\jvm.cpp, line 1312]
Event: 11.015 Thread 0x00000000011de000 Exception <a 'java/security/PrivilegedActionException'> (0x00000000eb721390) thrown at [D:\re\workspace\8-2-build-windows-amd64-cygwin\jdk8u25\1677\hotspot\src\share\vm\prims\jvm.cpp, line 1312]
Event: 11.017 Thread 0x00000000011de000 Exception <a 'java/security/PrivilegedActionException'> (0x00000000eb733498) thrown at [D:\re\workspace\8-2-build-windows-amd64-cygwin\jdk8u25\1677\hotspot\src\share\vm\prims\jvm.cpp, line 1312]
Event: 12.083 Thread 0x00000000011de000 Exception <a 'java/security/PrivilegedActionException'> (0x00000000eaddfbd0) thrown at [D:\re\workspace\8-2-build-windows-amd64-cygwin\jdk8u25\1677\hotspot\src\share\vm\prims\jvm.cpp, line 1312]
Event: 13.567 Thread 0x00000000011de000 Exception <a 'java/lang/ArrayIndexOutOfBoundsException': 18> (0x00000000eb29a3d8) thrown at [D:\re\workspace\8-2-build-windows-amd64-cygwin\jdk8u25\1677\hotspot\src\share\vm\interpreter\interpreterRuntime.cpp, line 366]
Event: 13.568 Thread 0x00000000011de000 Exception <a 'java/lang/ArrayIndexOutOfBoundsException'> (0x00000000eb29be70) thrown at [D:\re\workspace\8-2-build-windows-amd64-cygwin\jdk8u25\1677\hotspot\src\share\vm\runtime\sharedRuntime.cpp, line 604]
Event: 13.569 Thread 0x00000000011de000 Exception <a 'java/lang/ArrayIndexOutOfBoundsException'> (0x00000000eb29d088) thrown at [D:\re\workspace\8-2-build-windows-amd64-cygwin\jdk8u25\1677\hotspot\src\share\vm\runtime\sharedRuntime.cpp, line 604]
Event: 16.500 Thread 0x00000000011de000 Exception <a 'java/security/PrivilegedActionException'> (0x00000000ebd2efd8) thrown at [D:\re\workspace\8-2-build-windows-amd64-cygwin\jdk8u25\1677\hotspot\src\share\vm\prims\jvm.cpp, line 1312]
Event: 19.680 Thread 0x00000000011de000 Exception <a 'java/security/PrivilegedActionException'> (0x00000000ecb0fd88) thrown at [D:\re\workspace\8-2-build-windows-amd64-cygwin\jdk8u25\1677\hotspot\src\share\vm\prims\jvm.cpp, line 1312]

Events (10 events):
Event: 24.245 Thread 0x000000001548e800 flushing nmethod 0x0000000003448e10
Event: 24.245 Thread 0x000000001548e800 flushing nmethod 0x00000000034523d0
Event: 24.245 Thread 0x000000001548e800 flushing nmethod 0x000000000346c550
Event: 24.245 Thread 0x000000001548e800 flushing nmethod 0x0000000003494a50
Event: 24.246 Thread 0x000000001548e800 flushing nmethod 0x00000000034f7990
Event: 24.246 Thread 0x000000001548e800 flushing nmethod 0x00000000034fff10
Event: 24.246 Thread 0x000000001548e800 flushing nmethod 0x0000000003528350
Event: 25.158 Thread 0x00000000011de000 Uncommon trap: trap_request=0xffffffc6 fr.pc=0x00000000036c00b0
Event: 25.158 Thread 0x00000000011de000 DEOPT PACKING pc=0x00000000036c00b0 sp=0x0000000002c1e3b0
Event: 25.158 Thread 0x00000000011de000 DEOPT UNPACKING pc=0x0000000002db556a sp=0x0000000002c1e2f0 mode 2


Dynamic libraries:
0x00007ff778f40000 - 0x00007ff778f74000 	C:\Program Files\Java\jdk1.8.0_25\bin\java.exe
0x00007ff902c60000 - 0x00007ff902e0c000 	C:\WINDOWS\SYSTEM32\ntdll.dll
0x00007ff902740000 - 0x00007ff90287e000 	C:\WINDOWS\system32\KERNEL32.DLL
0x00007ff8ffe80000 - 0x00007ff8fff95000 	C:\WINDOWS\system32\KERNELBASE.dll
0x00007ff8fe950000 - 0x00007ff8fe9de000 	C:\WINDOWS\system32\apphelp.dll
0x00007ff8ee660000 - 0x00007ff8ee6b3000 	C:\WINDOWS\AppPatch\AppPatch64\AcGenral.DLL
0x00007ff9009c0000 - 0x00007ff900a6a000 	C:\WINDOWS\system32\msvcrt.dll
0x00007ff8ffb80000 - 0x00007ff8ffbae000 	C:\WINDOWS\SYSTEM32\SspiCli.dll
0x00007ff900890000 - 0x00007ff9008e4000 	C:\WINDOWS\system32\SHLWAPI.dll
0x00007ff902930000 - 0x00007ff902aa7000 	C:\WINDOWS\system32\USER32.dll
0x00007ff902ab0000 - 0x00007ff902c44000 	C:\WINDOWS\system32\ole32.dll
0x00007ff901220000 - 0x00007ff902738000 	C:\WINDOWS\system32\SHELL32.dll
0x00007ff8ff350000 - 0x00007ff8ff371000 	C:\WINDOWS\SYSTEM32\USERENV.dll
0x00007ff902880000 - 0x00007ff90292a000 	C:\WINDOWS\system32\ADVAPI32.dll
0x00007ff8fae20000 - 0x00007ff8fae3e000 	C:\WINDOWS\SYSTEM32\MPR.dll
0x00007ff900500000 - 0x00007ff900641000 	C:\WINDOWS\system32\RPCRT4.dll
0x00007ff900a70000 - 0x00007ff900ac9000 	C:\WINDOWS\SYSTEM32\sechost.dll
0x00007ff900b30000 - 0x00007ff900d41000 	C:\WINDOWS\SYSTEM32\combase.dll
0x00007ff9003a0000 - 0x00007ff9004f1000 	C:\WINDOWS\system32\GDI32.dll
0x00007ff8ffdb0000 - 0x00007ff8ffdc5000 	C:\WINDOWS\SYSTEM32\profapi.dll
0x00007ff8fde20000 - 0x00007ff8fded2000 	C:\WINDOWS\SYSTEM32\SHCORE.dll
0x00007ff900d50000 - 0x00007ff900d86000 	C:\WINDOWS\system32\IMM32.DLL
0x00007ff900f90000 - 0x00007ff9010e2000 	C:\WINDOWS\system32\MSCTF.dll
0x00007ff8fd250000 - 0x00007ff8fd4ca000 	C:\WINDOWS\WinSxS\amd64_microsoft.windows.common-controls_6595b64144ccf1df_6.0.9600.17810_none_6240b9c7ecbd0bda\COMCTL32.dll
0x000000005e350000 - 0x000000005e422000 	C:\Program Files\Java\jdk1.8.0_25\jre\bin\msvcr100.dll
0x000000005e580000 - 0x000000005edda000 	C:\Program Files\Java\jdk1.8.0_25\jre\bin\server\jvm.dll
0x00007ff8f08c0000 - 0x00007ff8f08c9000 	C:\WINDOWS\SYSTEM32\WSOCK32.dll
0x00007ff8fca70000 - 0x00007ff8fca92000 	C:\WINDOWS\SYSTEM32\WINMM.dll
0x00007ff902c50000 - 0x00007ff902c57000 	C:\WINDOWS\system32\PSAPI.DLL
0x00007ff900ad0000 - 0x00007ff900b2a000 	C:\WINDOWS\system32\WS2_32.dll
0x00007ff8fca40000 - 0x00007ff8fca6a000 	C:\WINDOWS\SYSTEM32\WINMMBASE.dll
0x00007ff900f70000 - 0x00007ff900f79000 	C:\WINDOWS\system32\NSI.dll
0x00007ff8fffa0000 - 0x00007ff8fffef000 	C:\WINDOWS\SYSTEM32\cfgmgr32.dll
0x00007ff8feba0000 - 0x00007ff8febc8000 	C:\WINDOWS\SYSTEM32\DEVOBJ.dll
0x000000005f050000 - 0x000000005f05f000 	C:\Program Files\Java\jdk1.8.0_25\jre\bin\verify.dll
0x000000005f020000 - 0x000000005f048000 	C:\Program Files\Java\jdk1.8.0_25\jre\bin\java.dll
0x000000005f000000 - 0x000000005f016000 	C:\Program Files\Java\jdk1.8.0_25\jre\bin\zip.dll

VM Arguments:
jvm_args: -Xmx1024M -Dfile.encoding=windows-1252 -Duser.country=US -Duser.language=en -Duser.variant 
java_command: com.android.dx.command.Main --dex --output G:\ScribblerNotebooks\app\build\intermediates\pre-dexed\debug\classes-4aefff3f5e75fb52ce8eebb673b17466316b8d0d.jar G:\ScribblerNotebooks\app\build\intermediates\exploded-aar\com.android.support\appcompat-v7\22.1.1\classes.jar
java_class_path (initial): G:\Android_Programs\sdk\build-tools\21.1.2\lib\dx.jar
Launcher Type: SUN_STANDARD

Environment Variables:
JAVA_HOME=C:\Program Files\Java\jdk1.8.0_25
PATH=C:\ProgramData\Oracle\Java\javapath;C:\Program Files (x86)\Common Files\Intel\Shared Files\cpp\bin\Intel64;C:\Program Files (x86)\Intel\iCLS Client\;C:\Program Files\Intel\iCLS Client\;C:\Program Files (x86)\AMD APP\bin\x86_64;C:\Program Files (x86)\AMD APP\bin\x86;C:\WINDOWS\system32;C:\WINDOWS;C:\WINDOWS\System32\Wbem;C:\WINDOWS\System32\WindowsPowerShell\v1.0\;C:\Program Files (x86)\Windows Live\Shared;C:\Program Files (x86)\ATI Technologies\ATI.ACE\Core-Static;C:\Program Files\Intel\Intel(R) Management Engine Components\DAL;C:\Program Files (x86)\Intel\Intel(R) Management Engine Components\DAL;C:\Program Files\Intel\Intel(R) Management Engine Components\IPT;C:\Program Files (x86)\Intel\Intel(R) Management Engine Components\IPT;C:\Program Files (x86)\Skype\Phone\;C:\Program Files\nodejs\;C:\Program Files (x86)\Brackets\command;C:\Users\Aanisha Mishra\AppData\Roaming\npm
USERNAME=Aanisha
OS=Windows_NT
PROCESSOR_IDENTIFIER=Intel64 Family 6 Model 58 Stepping 9, GenuineIntel



---------------  S Y S T E M  ---------------

OS: Windows 8.1 , 64 bit Build 9600 

CPU:total 4 (2 cores per cpu, 2 threads per core) family 6 model 58 stepping 9, cmov, cx8, fxsr, mmx, sse, sse2, sse3, ssse3, sse4.1, sse4.2, popcnt, avx, clmul, erms, ht, tsc, tscinvbit, tscinv

Memory: 4k page, physical 4083996k(487836k free), swap 7229724k(664264k free)

vm_info: Java HotSpot(TM) 64-Bit Server VM (25.25-b02) for windows-amd64 JRE (1.8.0_25-b18), built on Oct  7 2014 14:25:37 by "java_re" with MS VC++ 10.0 (VS2010)

time: Thu Jun 11 14:28:12 2015
elapsed time: 26 seconds (0d 0h 0m 26s)

